[2025-06-28 16:02:06] ERROR: NOTICE: Use of undefined constant SITE_DESCRIPTION - assumed 'SITE_DESCRIPTION' in C:\xampp\htdocs\kampusprojek\kampusprojek\includes\header.php on line 11
[2025-06-28 16:02:06] ERROR: NOTICE: Use of undefined constant SITE_KEYWORDS - assumed 'SITE_KEYWORDS' in C:\xampp\htdocs\kampusprojek\kampusprojek\includes\header.php on line 12
[2025-06-28 16:02:06] ERROR: NOTICE: Use of undefined constant SITE_DESCRIPTION - assumed 'SITE_DESCRIPTION' in C:\xampp\htdocs\kampusprojek\kampusprojek\includes\header.php on line 46
[2025-06-28 16:02:06] ERROR: NOTICE: Use of undefined constant SITE_DESCRIPTION - assumed 'SITE_DESCRIPTION' in C:\xampp\htdocs\kampusprojek\kampusprojek\includes\header.php on line 53
[2025-06-28 16:02:07] ERROR: NOTICE: Undefined index: konten in C:\xampp\htdocs\kampusprojek\kampusprojek\index.php on line 262
[2025-06-28 16:17:00] ERROR: NOTICE: Use of undefined constant SITE_DESCRIPTION - assumed 'SITE_DESCRIPTION' in C:\xampp\htdocs\kampusprojek\kampusprojek\includes\header.php on line 11
[2025-06-28 16:17:00] ERROR: NOTICE: Use of undefined constant SITE_KEYWORDS - assumed 'SITE_KEYWORDS' in C:\xampp\htdocs\kampusprojek\kampusprojek\includes\header.php on line 12
[2025-06-28 16:17:00] ERROR: NOTICE: Use of undefined constant SITE_DESCRIPTION - assumed 'SITE_DESCRIPTION' in C:\xampp\htdocs\kampusprojek\kampusprojek\includes\header.php on line 46
[2025-06-28 16:17:00] ERROR: NOTICE: Use of undefined constant SITE_DESCRIPTION - assumed 'SITE_DESCRIPTION' in C:\xampp\htdocs\kampusprojek\kampusprojek\includes\header.php on line 53
[2025-06-28 16:17:00] ERROR: NOTICE: Undefined index: konten in C:\xampp\htdocs\kampusprojek\kampusprojek\index.php on line 262
[2025-06-28 16:17:41] ERROR: NOTICE: Use of undefined constant SITE_DESCRIPTION - assumed 'SITE_DESCRIPTION' in C:\xampp\htdocs\kampusprojek\kampusprojek\includes\header.php on line 11
[2025-06-28 16:17:41] ERROR: NOTICE: Use of undefined constant SITE_KEYWORDS - assumed 'SITE_KEYWORDS' in C:\xampp\htdocs\kampusprojek\kampusprojek\includes\header.php on line 12
[2025-06-28 16:17:41] ERROR: NOTICE: Use of undefined constant SITE_DESCRIPTION - assumed 'SITE_DESCRIPTION' in C:\xampp\htdocs\kampusprojek\kampusprojek\includes\header.php on line 46
[2025-06-28 16:17:41] ERROR: NOTICE: Use of undefined constant SITE_DESCRIPTION - assumed 'SITE_DESCRIPTION' in C:\xampp\htdocs\kampusprojek\kampusprojek\includes\header.php on line 53
[2025-06-28 16:17:41] ERROR: NOTICE: Undefined index: konten in C:\xampp\htdocs\kampusprojek\kampusprojek\index.php on line 262
[2025-06-28 16:19:52] ERROR: NOTICE: Use of undefined constant SITE_DESCRIPTION - assumed 'SITE_DESCRIPTION' in C:\xampp\htdocs\kampusprojek\kampusprojek\includes\header.php on line 11
[2025-06-28 16:19:52] ERROR: NOTICE: Use of undefined constant SITE_KEYWORDS - assumed 'SITE_KEYWORDS' in C:\xampp\htdocs\kampusprojek\kampusprojek\includes\header.php on line 12
[2025-06-28 16:19:52] ERROR: NOTICE: Use of undefined constant SITE_DESCRIPTION - assumed 'SITE_DESCRIPTION' in C:\xampp\htdocs\kampusprojek\kampusprojek\includes\header.php on line 46
[2025-06-28 16:19:52] ERROR: NOTICE: Use of undefined constant SITE_DESCRIPTION - assumed 'SITE_DESCRIPTION' in C:\xampp\htdocs\kampusprojek\kampusprojek\includes\header.php on line 53
[2025-06-28 20:32:31] ERROR: Query failed: SQLSTATE[42S02]: Base table or view not found: 1146 Table 'kampus_db.info_kampus' doesn't exist {"query":"\r\n        SELECT * FROM info_kampus \r\n        WHERE status = 'aktif' \r\n        ORDER BY created_at DESC \r\n        LIMIT 6\r\n    ","params":[]}
[2025-06-28 20:32:31] ERROR: Failed to fetch initial data for index page: Database query failed
[2025-06-28 20:33:56] ERROR: Query failed: SQLSTATE[42S02]: Base table or view not found: 1146 Table 'kampus_db.info_kampus' doesn't exist {"query":"\r\n        SELECT * FROM info_kampus \r\n        WHERE status = 'aktif' \r\n        ORDER BY created_at DESC \r\n        LIMIT 6\r\n    ","params":[]}
[2025-06-28 20:33:56] ERROR: Failed to fetch initial data for index page: Database query failed
[2025-06-28 20:44:42] ERROR: Query failed: SQLSTATE[23000]: Integrity constraint violation: 1052 Column 'status' in where clause is ambiguous {"query":"SELECT ik.*, u.username as author                \r\n                FROM info_kampus ik                \r\n                LEFT JOIN users u ON ik.created_by = u.id                \r\n                WHERE status = 'aktif'                \r\n                ORDER BY ik.created_at DESC        \r\n                LIMIT 6 OFFSET 0","params":[]}
[2025-06-28 20:44:42] ERROR: Failed to fetch info list for public page: Database query failed
[2025-06-28 20:45:35] ERROR: Query failed: SQLSTATE[23000]: Integrity constraint violation: 1052 Column 'status' in where clause is ambiguous {"query":"SELECT ik.*, u.username as author                \r\n                FROM info_kampus ik                \r\n                LEFT JOIN users u ON ik.created_by = u.id                \r\n                WHERE status = 'aktif'                \r\n                ORDER BY ik.created_at DESC        \r\n                LIMIT 6 OFFSET 0","params":[]}
[2025-06-28 20:45:35] ERROR: Failed to fetch info list for public page: Database query failed
[2025-06-28 21:09:15] ERROR: Query failed: SQLSTATE[23000]: Integrity constraint violation: 1052 Column 'status' in where clause is ambiguous {"query":"SELECT ik.id, ik.judul, ik.konten, ik.kategori, ik.gambar, ik.created_at, u.username as author                \r\n                FROM info_kampus ik                \r\n                LEFT JOIN users u ON ik.created_by = u.id                \r\n                WHERE status = 'aktif'                \r\n                ORDER BY ik.created_at DESC        \r\n                LIMIT 6 OFFSET 0","params":[]}
[2025-06-28 21:09:15] ERROR: Failed to fetch info list for public page: Database query failed
[2025-06-28 21:09:25] ERROR: Query failed: SQLSTATE[23000]: Integrity constraint violation: 1052 Column 'status' in where clause is ambiguous {"query":"SELECT ik.id, ik.judul, ik.konten, ik.kategori, ik.gambar, ik.created_at, u.username as author                \r\n                FROM info_kampus ik                \r\n                LEFT JOIN users u ON ik.created_by = u.id                \r\n                WHERE status = 'aktif'                \r\n                ORDER BY ik.created_at DESC        \r\n                LIMIT 6 OFFSET 0","params":[]}
[2025-06-28 21:09:25] ERROR: Failed to fetch info list for public page: Database query failed
[2025-06-28 21:38:35] ERROR: Query failed: SQLSTATE[23000]: Integrity constraint violation: 1052 Column 'status' in where clause is ambiguous {"query":"SELECT ik.id, ik.judul, ik.konten, ik.kategori, ik.gambar, ik.created_at, u.username as author                \r\n                FROM info_kampus ik                \r\n                LEFT JOIN users u ON ik.created_by = u.id                \r\n                WHERE status = 'aktif'                \r\n                ORDER BY ik.created_at DESC        \r\n                LIMIT 6 OFFSET 0","params":[]}
[2025-06-28 21:38:35] ERROR: Failed to fetch info list for public page: Database query failed
[2025-06-28 21:38:43] ERROR: Query failed: SQLSTATE[23000]: Integrity constraint violation: 1052 Column 'status' in where clause is ambiguous {"query":"SELECT ik.id, ik.judul, ik.konten, ik.kategori, ik.gambar, ik.created_at, u.username as author                \r\n                FROM info_kampus ik                \r\n                LEFT JOIN users u ON ik.created_by = u.id                \r\n                WHERE status = 'aktif'                \r\n                ORDER BY ik.created_at DESC        \r\n                LIMIT 6 OFFSET 0","params":[]}
[2025-06-28 21:38:43] ERROR: Failed to fetch info list for public page: Database query failed
[2025-06-28 21:56:45] ERROR: Query failed: SQLSTATE[23000]: Integrity constraint violation: 1052 Column 'status' in where clause is ambiguous {"query":"SELECT ik.id, ik.judul, ik.konten, ik.kategori, ik.gambar, ik.created_at, u.username as author                \r\n                FROM info_kampus ik                \r\n                LEFT JOIN users u ON ik.created_by = u.id                \r\n                WHERE status = 'aktif'                \r\n                ORDER BY ik.created_at DESC        \r\n                LIMIT 6 OFFSET 0","params":[]}
[2025-06-28 21:56:45] ERROR: Failed to fetch info list for public page: Database query failed
[2025-06-28 22:59:37] ERROR: Query failed: SQLSTATE[23000]: Integrity constraint violation: 1052 Column 'status' in where clause is ambiguous {"query":"SELECT ik.id, ik.judul, ik.konten, ik.kategori, ik.gambar, ik.created_at, u.username as author                \r\n                FROM info_kampus ik                \r\n                LEFT JOIN users u ON ik.created_by = u.id                \r\n                WHERE status = 'aktif'                \r\n                ORDER BY ik.created_at DESC        \r\n                LIMIT 6 OFFSET 0","params":[]}
[2025-06-28 22:59:37] ERROR: Failed to fetch info list for public page: Database query failed
[2025-06-28 23:03:22] ERROR: Query failed: SQLSTATE[23000]: Integrity constraint violation: 1052 Column 'status' in where clause is ambiguous {"query":"SELECT ik.id, ik.judul, ik.konten, ik.kategori, ik.gambar, ik.created_at, u.username as author                \r\n                FROM info_kampus ik                \r\n                LEFT JOIN users u ON ik.created_by = u.id                \r\n                WHERE status = 'aktif'                \r\n                ORDER BY ik.created_at DESC        \r\n                LIMIT 6 OFFSET 0","params":[]}
[2025-06-28 23:03:22] ERROR: Failed to fetch info list for public page: Database query failed
[2025-06-28 23:10:34] ERROR: Query failed: SQLSTATE[23000]: Integrity constraint violation: 1052 Column 'status' in where clause is ambiguous {"query":"SELECT ik.id, ik.judul, ik.konten, ik.kategori, ik.gambar, ik.created_at, u.username as author                \r\n                FROM info_kampus ik                \r\n                LEFT JOIN users u ON ik.created_by = u.id                \r\n                WHERE status = 'aktif'                \r\n                ORDER BY ik.created_at DESC        \r\n                LIMIT 6 OFFSET 0","params":[]}
[2025-06-28 23:10:34] ERROR: Failed to fetch info list for public page: Database query failed
[2025-06-29 09:14:15] ERROR: Query failed: SQLSTATE[23000]: Integrity constraint violation: 1052 Column 'status' in where clause is ambiguous {"query":"SELECT ik.id, ik.judul, ik.konten, ik.kategori, ik.gambar, ik.created_at, u.username as author                \r\n                FROM info_kampus ik                \r\n                LEFT JOIN users u ON ik.created_by = u.id                \r\n                WHERE status = 'aktif'                \r\n                ORDER BY ik.created_at DESC        \r\n                LIMIT 6 OFFSET 0","params":[]}
[2025-06-29 09:14:15] ERROR: Failed to fetch info list for public page: Database query failed
[2025-06-29 09:14:22] ERROR: Query failed: SQLSTATE[23000]: Integrity constraint violation: 1052 Column 'status' in where clause is ambiguous {"query":"SELECT ik.id, ik.judul, ik.konten, ik.kategori, ik.gambar, ik.created_at, u.username as author                \r\n                FROM info_kampus ik                \r\n                LEFT JOIN users u ON ik.created_by = u.id                \r\n                WHERE status = 'aktif'                \r\n                ORDER BY ik.created_at DESC        \r\n                LIMIT 6 OFFSET 0","params":[]}
[2025-06-29 09:14:22] ERROR: Failed to fetch info list for public page: Database query failed
[2025-06-29 09:21:21] WARNING: Authentication failed: Invalid username/password for admin
[2025-06-29 09:21:35] WARNING: Authentication failed: Invalid username/password for admin
[2025-06-29 09:26:08] WARNING: Authentication failed: Invalid username/password for admin
[2025-06-29 09:26:15] WARNING: Authentication failed: Invalid username/password for admin
[2025-06-29 09:31:54] WARNING: Authentication failed: Invalid username/password for admin
[2025-06-29 09:39:03] ERROR: Update failed: SQLSTATE[HY093]: Invalid parameter number: mixed named and positional parameters {"table":"users","data":{"password":"$2y$10$huF2S6pqdSelXIUm.lqupOXdouKq8ZHuc8QRl3f7rm.dSFcwk4xJa","status":"active"},"where":"id = ?"}
[2025-06-29 09:39:04] WARNING: Authentication failed: Invalid username/password for admin
[2025-06-29 09:39:08] ERROR: Update failed: SQLSTATE[HY093]: Invalid parameter number: mixed named and positional parameters {"table":"users","data":{"password":"$2y$10$hcrIrXSrnX3duE.mae4L3egDjJ6CtzdsclN8i9mSMT5yBhFgwItsq","status":"active"},"where":"id = ?"}
[2025-06-29 09:39:08] WARNING: Authentication failed: Invalid username/password for admin
[2025-06-29 09:39:15] ERROR: Update failed: SQLSTATE[HY093]: Invalid parameter number: mixed named and positional parameters {"table":"users","data":{"password":"$2y$10$reWCBElH69\/eM9nCAlWM8.\/i3DOJFbV3I53KXz7GnBpJ1Ric5wHt6","status":"active"},"where":"id = ?"}
[2025-06-29 09:39:15] WARNING: Authentication failed: Invalid username/password for admin
[2025-06-29 09:39:52] ERROR: Update failed: SQLSTATE[HY093]: Invalid parameter number: mixed named and positional parameters {"table":"users","data":{"password":"$2y$10$leqLpJXn3193npSTU6YVZOy1notooWHfJLWsqmLq3CRBwnFmuPYKK","status":"active"},"where":"id = ?"}
[2025-06-29 09:39:52] WARNING: Authentication failed: Invalid username/password for admin
[2025-06-29 09:39:56] ERROR: Update failed: SQLSTATE[HY093]: Invalid parameter number: mixed named and positional parameters {"table":"users","data":{"password":"$2y$10$LYA8ZHaOdl3tfAfKQsX7yeSmRZqZ1iqjzPXUtGlbzT2nggEh61STK","status":"active"},"where":"id = ?"}
[2025-06-29 09:39:56] WARNING: Authentication failed: Invalid username/password for admin
[2025-06-29 09:42:59] ERROR: Update failed: SQLSTATE[HY093]: Invalid parameter number: mixed named and positional parameters {"table":"users","data":{"password":"$2y$10$wKKC3mdgTZgaecpcpHbFy.uALZBANz\/Q47pqyKxm9bb\/BrGixf4xW","status":"active"},"where":"id = ?"}
[2025-06-29 09:42:59] WARNING: Authentication failed: Invalid username/password for admin
[2025-06-29 09:43:07] ERROR: Update failed: SQLSTATE[HY093]: Invalid parameter number: mixed named and positional parameters {"table":"users","data":{"password":"$2y$10$9pvRqShsgc5hg2QZpZPMXeweN.zq0SQK\/P\/AuFCXorbqwd7suYgTC","status":"active"},"where":"id = ?"}
[2025-06-29 09:43:07] WARNING: Authentication failed: Invalid username/password for admin
[2025-06-29 09:51:29] ERROR: Update failed: SQLSTATE[HY000]: General error: 2031  {"table":"users","data":{"password":"$2y$10$Xn\/u3SO9X.RSMsiQt65TleRBsGrGLZ3lvsHVgximr9.DsB1HoFp2.","status":"active","updated_at":"2025-06-29 09:51:29"},"where":"id = :id"}
[2025-06-29 09:51:29] WARNING: Authentication failed: Invalid username/password for admin
[2025-06-29 09:51:36] ERROR: Update failed: SQLSTATE[HY000]: General error: 2031  {"table":"users","data":{"password":"$2y$10$pii5kLzlLwKE7rWs8xXI9OzG9NY1O\/WUneDbwBGF.PJAR7KOivFP6","status":"active","updated_at":"2025-06-29 09:51:36"},"where":"id = :id"}
[2025-06-29 09:51:36] WARNING: Authentication failed: Invalid username/password for admin
[2025-06-29 09:52:20] ERROR: Update failed: SQLSTATE[HY000]: General error: 2031  {"table":"users","data":{"password":"$2y$10$M\/Grg8Wr7xhXx0pu0ij0aepuAT5IE18\/vNAibsnTZtgfb5M07sSYe","status":"active","updated_at":"2025-06-29 09:52:20"},"where":"id = :id"}
[2025-06-29 09:52:20] WARNING: Authentication failed: Invalid username/password for admin
[2025-06-29 09:52:37] ERROR: Update failed: SQLSTATE[HY000]: General error: 2031  {"table":"users","data":{"password":"$2y$10$NFQtTwVbdpghB7\/p0FdXNe4ek84AL2XUjtC\/WttDq25OPSudeixRi","status":"active","updated_at":"2025-06-29 09:52:37"},"where":"id = :id"}
[2025-06-29 09:52:37] WARNING: Authentication failed: Invalid username/password for admin
[2025-06-29 11:36:02] ERROR: Uncaught exception: Unsupported operand types: string + int {"file":"C:\\xampp\\htdocs\\kampusprojek\\config\\database.php","line":146,"trace":"#0 C:\\xampp\\htdocs\\kampusprojek\\auth\\login.php(54): updateRecord('users', Array, 'id = :id', Array)\n#1 {main}"}
[2025-06-29 11:47:42] ERROR: Uncaught exception: Unsupported operand types: string + int {"file":"C:\\xampp\\htdocs\\kampusprojek\\config\\database.php","line":146,"trace":"#0 C:\\xampp\\htdocs\\kampusprojek\\auth\\login.php(54): updateRecord('users', Array, 'id = :id', Array)\n#1 {main}"}
[2025-06-29 11:53:53] ERROR: Query failed: SQLSTATE[23000]: Integrity constraint violation: 1052 Column 'status' in where clause is ambiguous {"query":"SELECT ik.id, ik.judul, ik.konten, ik.kategori, ik.gambar, ik.created_at, u.username as author                \r\n                FROM info_kampus ik                \r\n                LEFT JOIN users u ON ik.created_by = u.id                \r\n                WHERE status = 'aktif'                \r\n                ORDER BY ik.created_at DESC        \r\n                LIMIT 6 OFFSET 0","params":[]}
[2025-06-29 11:53:53] ERROR: Failed to fetch info list for public page: Database query failed: SQLSTATE[23000]: Integrity constraint violation: 1052 Column 'status' in where clause is ambiguous
[2025-06-29 11:55:17] ERROR: Update failed: SQLSTATE[HY093]: Invalid parameter number: mixed named and positional parameters {"table":"users","data":{"last_login":"2025-06-29 11:55:17"},"where":"id = ?","whereParams":[1]}
[2025-06-29 11:55:17] ERROR: Failed to update last login: Database update failed: SQLSTATE[HY093]: Invalid parameter number: mixed named and positional parameters
[2025-06-29 11:55:17] INFO: User logged in {"user_id":1,"username":"admin","role":"admin","ip":"::1"}
[2025-06-29 11:55:50] INFO: User logged out {"user_id":1,"username":"admin"}
[2025-06-29 12:04:00] ERROR: Query failed: SQLSTATE[23000]: Integrity constraint violation: 1052 Column 'status' in where clause is ambiguous {"query":"SELECT ik.id, ik.judul, ik.konten, ik.kategori, ik.gambar, ik.created_at, u.username as author                \r\n                FROM info_kampus ik                \r\n                LEFT JOIN users u ON ik.created_by = u.id                \r\n                WHERE status = 'aktif'                \r\n                ORDER BY ik.created_at DESC        \r\n                LIMIT 6 OFFSET 0","params":[]}
[2025-06-29 12:04:00] ERROR: Failed to fetch info list for public page: Database query failed: SQLSTATE[23000]: Integrity constraint violation: 1052 Column 'status' in where clause is ambiguous
[2025-06-29 12:04:07] ERROR: Query failed: SQLSTATE[23000]: Integrity constraint violation: 1052 Column 'status' in where clause is ambiguous {"query":"SELECT ik.id, ik.judul, ik.konten, ik.kategori, ik.gambar, ik.created_at, u.username as author                \r\n                FROM info_kampus ik                \r\n                LEFT JOIN users u ON ik.created_by = u.id                \r\n                WHERE status = 'aktif'                \r\n                ORDER BY ik.created_at DESC        \r\n                LIMIT 6 OFFSET 0","params":[]}
[2025-06-29 12:04:07] ERROR: Failed to fetch info list for public page: Database query failed: SQLSTATE[23000]: Integrity constraint violation: 1052 Column 'status' in where clause is ambiguous
[2025-06-29 12:09:08] ERROR: Query failed: SQLSTATE[23000]: Integrity constraint violation: 1052 Column 'status' in where clause is ambiguous {"query":"SELECT ik.id, ik.judul, ik.konten, ik.kategori, ik.gambar, ik.created_at, u.username as author                \r\n                FROM info_kampus ik                \r\n                LEFT JOIN users u ON ik.created_by = u.id                \r\n                WHERE status = 'aktif'                \r\n                ORDER BY ik.created_at DESC        \r\n                LIMIT 6 OFFSET 0","params":[]}
[2025-06-29 12:09:08] ERROR: Failed to fetch info list for public page: Database query failed: SQLSTATE[23000]: Integrity constraint violation: 1052 Column 'status' in where clause is ambiguous
[2025-06-29 17:23:36] ERROR: WARNING: ini_set(): Session ini settings cannot be changed when a session is active in C:\xampp\htdocs\kampusprojek\config\config.php on line 204
[2025-06-29 17:23:36] ERROR: WARNING: ini_set(): Session ini settings cannot be changed when a session is active in C:\xampp\htdocs\kampusprojek\config\config.php on line 205
[2025-06-29 17:23:36] ERROR: WARNING: ini_set(): Session ini settings cannot be changed when a session is active in C:\xampp\htdocs\kampusprojek\config\config.php on line 206
